2023-04-02 23:58:07.812508 - Initialized conversion of CBT389
2023-04-02 23:58:08.485020 - Received CBT.V504.FILE389.PDS from FILE389.XMI 
2023-04-02 23:58:08.488167 - Found $$$$$$$$.txt (text/plain) in CBT.V504.FILE389.PDS, moved to PDS/$$$$$$$$
2023-04-02 23:58:08.489904 - Found $$$#DATE.txt (text/plain) in CBT.V504.FILE389.PDS, moved to PDS/$$$#DATE
2023-04-02 23:58:08.491280 - Found $$JCL.txt (text/plain) in CBT.V504.FILE389.PDS, moved to PDS/$$JCL
2023-04-02 23:58:08.492520 - Found $CLDOC.txt (text/plain) in CBT.V504.FILE389.PDS, moved to PDS/$CLDOC
2023-04-02 23:58:08.493855 - Found $CLJCL.jcl (text/plain) in CBT.V504.FILE389.PDS, moved to PDS/$CLJCL
2023-04-02 23:58:08.495085 - Found $HELP.txt (text/plain) in CBT.V504.FILE389.PDS, moved to PDS/$HELP
2023-04-02 23:58:08.496252 - Found $INST220.txt (text/plain) in CBT.V504.FILE389.PDS, moved to PDS/$INST220
2023-04-02 23:58:08.497318 - Found $JCL220.jcl (text/plain) in CBT.V504.FILE389.PDS, moved to PDS/$JCL220
2023-04-02 23:58:08.498384 - Found $JQT.txt (text/plain) in CBT.V504.FILE389.PDS, moved to PDS/$JQT
2023-04-02 23:58:08.499458 - Found $JQTO.txt (text/plain) in CBT.V504.FILE389.PDS, moved to PDS/$JQTO
2023-04-02 23:58:08.500606 - Found $LOG.txt (text/plain) in CBT.V504.FILE389.PDS, moved to PDS/$LOG
2023-04-02 23:58:08.501595 - Found $NCCSJCL.jcl (text/plain) in CBT.V504.FILE389.PDS, moved to PDS/$NCCSJCL
2023-04-02 23:58:08.502577 - Found $NCCSJC1.jcl (text/plain) in CBT.V504.FILE389.PDS, moved to PDS/$NCCSJC1
2023-04-02 23:58:08.503641 - Found $ONLDOC.txt (text/plain) in CBT.V504.FILE389.PDS, moved to PDS/$ONLDOC
2023-04-02 23:58:08.504753 - Found $RNBDOC.txt (text/plain) in CBT.V504.FILE389.PDS, moved to PDS/$RNBDOC
2023-04-02 23:58:08.505987 - Found $SBGDOC.txt (text/plain) in CBT.V504.FILE389.PDS, moved to PDS/$SBGDOC
2023-04-02 23:58:08.507249 - Found $UFDOC.txt (text/plain) in CBT.V504.FILE389.PDS, moved to PDS/$UFDOC
2023-04-02 23:58:08.508441 - Found $WGHDOC.txt (text/plain) in CBT.V504.FILE389.PDS, moved to PDS/$WGHDOC
2023-04-02 23:58:08.509524 - Found @COMPLIB.jcl (text/plain) in CBT.V504.FILE389.PDS, moved to PDS/@COMPLIB
2023-04-02 23:58:08.510524 - Found @FILE389.txt (text/plain) in CBT.V504.FILE389.PDS, moved to PDS/@FILE389
2023-04-02 23:58:08.511546 - Found ACTIVE.txt (text/plain) in CBT.V504.FILE389.PDS, moved to PDS/ACTIVE
2023-04-02 23:58:08.512667 - Found ACTIVEO.txt (text/plain) in CBT.V504.FILE389.PDS, moved to PDS/ACTIVEO
2023-04-02 23:58:08.513707 - Found ALLOCATE.txt (text/plain) in CBT.V504.FILE389.PDS, moved to PDS/ALLOCATE
2023-04-02 23:58:08.514771 - Found ALLOCATO.txt (text/plain) in CBT.V504.FILE389.PDS, moved to PDS/ALLOCATO
2023-04-02 23:58:08.516014 - Found AUTH.txt (text/plain) in CBT.V504.FILE389.PDS, moved to PDS/AUTH
2023-04-02 23:58:08.517093 - Found CDIE.txt (text/plain) in CBT.V504.FILE389.PDS, moved to PDS/CDIE
2023-04-02 23:58:08.518140 - Found CHCT.txt (text/plain) in CBT.V504.FILE389.PDS, moved to PDS/CHCT
2023-04-02 23:58:08.519221 - Found CHCTO.txt (text/plain) in CBT.V504.FILE389.PDS, moved to PDS/CHCTO
2023-04-02 23:58:08.520257 - Found CIOT.txt (text/plain) in CBT.V504.FILE389.PDS, moved to PDS/CIOT
2023-04-02 23:58:08.521365 - Found CJCT.txt (text/plain) in CBT.V504.FILE389.PDS, moved to PDS/CJCT
2023-04-02 23:58:08.522581 - Found CJHIST.txt (text/plain) in CBT.V504.FILE389.PDS, moved to PDS/CJHIST
2023-04-02 23:58:08.523738 - Found CJOE.txt (text/plain) in CBT.V504.FILE389.PDS, moved to PDS/CJOE
2023-04-02 23:58:08.524947 - Found CJQE.txt (text/plain) in CBT.V504.FILE389.PDS, moved to PDS/CJQE
2023-04-02 23:58:08.525896 - Found CKPT.txt (text/plain) in CBT.V504.FILE389.PDS, moved to PDS/CKPT
2023-04-02 23:58:08.526833 - Found CKPTBSAM.txt (text/plain) in CBT.V504.FILE389.PDS, moved to PDS/CKPTBSAM
2023-04-02 23:58:08.527834 - Found CPDDB.txt (text/plain) in CBT.V504.FILE389.PDS, moved to PDS/CPDDB
2023-04-02 23:58:08.528746 - Found CPFK.txt (text/plain) in CBT.V504.FILE389.PDS, moved to PDS/CPFK
2023-04-02 23:58:08.529646 - Found CQUIET.txt (text/plain) in CBT.V504.FILE389.PDS, moved to PDS/CQUIET
2023-04-02 23:58:08.530561 - Found CSPIN.txt (text/plain) in CBT.V504.FILE389.PDS, moved to PDS/CSPIN
2023-04-02 23:58:08.531534 - Found CSPINO.txt (text/plain) in CBT.V504.FILE389.PDS, moved to PDS/CSPINO
2023-04-02 23:58:08.532751 - Found CTGPS.txt (text/plain) in CBT.V504.FILE389.PDS, moved to PDS/CTGPS
2023-04-02 23:58:08.533679 - Found CTSO.txt (text/plain) in CBT.V504.FILE389.PDS, moved to PDS/CTSO
2023-04-02 23:58:08.534582 - Found DDNAME.txt (text/plain) in CBT.V504.FILE389.PDS, moved to PDS/DDNAME
2023-04-02 23:58:08.535594 - Found DDNAMEO.txt (text/plain) in CBT.V504.FILE389.PDS, moved to PDS/DDNAMEO
2023-04-02 23:58:08.536515 - Found DDNAMEX.txt (text/plain) in CBT.V504.FILE389.PDS, moved to PDS/DDNAMEX
2023-04-02 23:58:08.537449 - Found DISPLAY.txt (text/plain) in CBT.V504.FILE389.PDS, moved to PDS/DISPLAY
2023-04-02 23:58:08.538362 - Found DISPLAYO.txt (text/plain) in CBT.V504.FILE389.PDS, moved to PDS/DISPLAYO
2023-04-02 23:58:08.539660 - Found FINDJOB.txt (text/plain) in CBT.V504.FILE389.PDS, moved to PDS/FINDJOB
2023-04-02 23:58:08.540670 - Found FINDJOBO.txt (text/plain) in CBT.V504.FILE389.PDS, moved to PDS/FINDJOBO
2023-04-02 23:58:08.541558 - Found FINDPDDB.txt (text/plain) in CBT.V504.FILE389.PDS, moved to PDS/FINDPDDB
2023-04-02 23:58:08.542511 - Found FORMAT.txt (text/plain) in CBT.V504.FILE389.PDS, moved to PDS/FORMAT
2023-04-02 23:58:08.543585 - Found FORMATO.txt (text/plain) in CBT.V504.FILE389.PDS, moved to PDS/FORMATO
2023-04-02 23:58:08.545095 - Found HELP.txt (text/plain) in CBT.V504.FILE389.PDS, moved to PDS/HELP
2023-04-02 23:58:08.546248 - Found HELPO.txt (text/plain) in CBT.V504.FILE389.PDS, moved to PDS/HELPO
2023-04-02 23:58:08.547374 - Found HEXBLK.txt (text/plain) in CBT.V504.FILE389.PDS, moved to PDS/HEXBLK
2023-04-02 23:58:08.548381 - Found HEXDUMP.txt (text/plain) in CBT.V504.FILE389.PDS, moved to PDS/HEXDUMP
2023-04-02 23:58:08.549571 - Found INIT.txt (text/plain) in CBT.V504.FILE389.PDS, moved to PDS/INIT
2023-04-02 23:58:08.550685 - Found INITO.txt (text/plain) in CBT.V504.FILE389.PDS, moved to PDS/INITO
2023-04-02 23:58:08.551799 - Found INITS.txt (text/plain) in CBT.V504.FILE389.PDS, moved to PDS/INITS
2023-04-02 23:58:08.552904 - Found JCL.txt (text/plain) in CBT.V504.FILE389.PDS, moved to PDS/JCL
2023-04-02 23:58:08.554080 - Found JLOG.txt (text/plain) in CBT.V504.FILE389.PDS, moved to PDS/JLOG
2023-04-02 23:58:08.555200 - Found JMSG.txt (text/plain) in CBT.V504.FILE389.PDS, moved to PDS/JMSG
2023-04-02 23:58:08.556416 - Found LIST.txt (text/plain) in CBT.V504.FILE389.PDS, moved to PDS/LIST
2023-04-02 23:58:08.557724 - Found LISTDS.txt (text/plain) in CBT.V504.FILE389.PDS, moved to PDS/LISTDS
2023-04-02 23:58:08.558825 - Found NULLDSID.txt (text/plain) in CBT.V504.FILE389.PDS, moved to PDS/NULLDSID
2023-04-02 23:58:08.560100 - Found PARSE.txt (text/plain) in CBT.V504.FILE389.PDS, moved to PDS/PARSE
2023-04-02 23:58:08.561361 - Found PRINT.txt (text/plain) in CBT.V504.FILE389.PDS, moved to PDS/PRINT
2023-04-02 23:58:08.562339 - Found QAUTHCK.txt (text/plain) in CBT.V504.FILE389.PDS, moved to PDS/QAUTHCK
2023-04-02 23:58:08.563368 - Found QCOMMON.txt (text/plain) in CBT.V504.FILE389.PDS, moved to PDS/QCOMMON
2023-04-02 23:58:08.564474 - Found QCXX0001.txt (text/plain) in CBT.V504.FILE389.PDS, moved to PDS/QCXX0001
2023-04-02 23:58:08.565868 - Found QPRBGEN.txt (text/plain) in CBT.V504.FILE389.PDS, moved to PDS/QPRBGEN
2023-04-02 23:58:08.567234 - Found QSCE.txt (text/plain) in CBT.V504.FILE389.PDS, moved to PDS/QSCE
2023-04-02 23:58:08.568481 - Found QSTART.txt (text/plain) in CBT.V504.FILE389.PDS, moved to PDS/QSTART
2023-04-02 23:58:08.569705 - Found QSTOP.txt (text/plain) in CBT.V504.FILE389.PDS, moved to PDS/QSTOP
2023-04-02 23:58:08.570879 - Found QTILT.txt (text/plain) in CBT.V504.FILE389.PDS, moved to PDS/QTILT
2023-04-02 23:58:08.572161 - Found QUEUE.txt (text/plain) in CBT.V504.FILE389.PDS, moved to PDS/QUEUE
2023-04-02 23:58:08.573421 - Found Q0.txt (text/plain) in CBT.V504.FILE389.PDS, moved to PDS/Q0
2023-04-02 23:58:08.574570 - Found READSPC.txt (text/plain) in CBT.V504.FILE389.PDS, moved to PDS/READSPC
2023-04-02 23:58:08.575657 - Found REPOS.txt (text/plain) in CBT.V504.FILE389.PDS, moved to PDS/REPOS
2023-04-02 23:58:08.576929 - Found SAVE.txt (text/plain) in CBT.V504.FILE389.PDS, moved to PDS/SAVE
2023-04-02 23:58:08.577929 - Found SAVEO.txt (text/plain) in CBT.V504.FILE389.PDS, moved to PDS/SAVEO
2023-04-02 23:58:08.579200 - Found SEARCH.txt (text/plain) in CBT.V504.FILE389.PDS, moved to PDS/SEARCH
2023-04-02 23:58:08.580365 - Found SEARCHO.txt (text/plain) in CBT.V504.FILE389.PDS, moved to PDS/SEARCHO
2023-04-02 23:58:08.581442 - Found SEARCHP.txt (text/plain) in CBT.V504.FILE389.PDS, moved to PDS/SEARCHP
2023-04-02 23:58:08.582390 - Found SYSLOG.txt (text/plain) in CBT.V504.FILE389.PDS, moved to PDS/SYSLOG
2023-04-02 23:58:08.583411 - Found SYSOUT.txt (text/plain) in CBT.V504.FILE389.PDS, moved to PDS/SYSOUT
2023-04-02 23:58:08.584458 - Found XDS.txt (text/plain) in CBT.V504.FILE389.PDS, moved to PDS/XDS
